[2024-12-24 16:03:33,550: INFO: main: >>>>>> stage Data Ingestion stage started <<<<<<]
[2024-12-24 16:03:33,559: INFO: common: yaml file: config\config.yaml loaded successfully]
[2024-12-24 16:03:33,565: INFO: common: yaml file: params.yaml loaded successfully]
[2024-12-24 16:03:33,571: INFO: common: yaml file: schema.yaml loaded successfully]
[2024-12-24 16:03:33,572: INFO: common: created directory at: artifacts]
[2024-12-24 16:03:33,572: INFO: common: created directory at: artifacts/data_ingestion]
[2024-12-24 16:03:34,544: INFO: data_ingestion: artifacts/data_ingestion/data.zip download! with following info: 
Connection: close
Content-Length: 23329
Cache-Control: max-age=300
Content-Security-Policy: default-src 'none'; style-src 'unsafe-inline'; sandbox
Content-Type: application/zip
ETag: "c69888a4ae59bc5a893392785a938ccd4937981c06ba8a9d6a21aa52b4ab5b6e"
Strict-Transport-Security: max-age=31536000
X-Content-Type-Options: nosniff
X-Frame-Options: deny
X-XSS-Protection: 1; mode=block
X-GitHub-Request-Id: 69A8:14092:32B588:49C37B:676A8DF1
Accept-Ranges: bytes
Date: Tue, 24 Dec 2024 10:33:22 GMT
Via: 1.1 varnish
X-Served-By: cache-del21749-DEL
X-Cache: MISS
X-Cache-Hits: 0
X-Timer: S1735036402.292306,VS0,VE326
Vary: Authorization,Accept-Encoding,Origin
Access-Control-Allow-Origin: *
Cross-Origin-Resource-Policy: cross-origin
X-Fastly-Request-ID: a96024fc75dae8c0bee120291975e67d7ea55b97
Expires: Tue, 24 Dec 2024 10:38:22 GMT
Source-Age: 0

]
[2024-12-24 16:03:34,557: INFO: main: >>>>>> stage Data Ingestion stage completed <<<<<<

x==========x]
[2024-12-24 16:03:34,557: INFO: main: >>>>>> stage Data Validation stage started <<<<<<]
[2024-12-24 16:03:34,560: INFO: common: yaml file: config\config.yaml loaded successfully]
[2024-12-24 16:03:34,561: INFO: common: yaml file: params.yaml loaded successfully]
[2024-12-24 16:03:34,562: INFO: common: yaml file: schema.yaml loaded successfully]
[2024-12-24 16:03:34,562: INFO: common: created directory at: artifacts]
[2024-12-24 16:03:34,562: INFO: common: created directory at: artifacts/data_validation]
[2024-12-24 16:03:34,576: INFO: main: >>>>>> stage Data Validation stage completed <<<<<<

x==========x]
[2024-12-24 16:03:34,577: INFO: main: >>>>>> stage Data Transformation stage started <<<<<<]
[2024-12-24 16:03:34,585: INFO: common: yaml file: config\config.yaml loaded successfully]
[2024-12-24 16:03:34,586: INFO: common: yaml file: params.yaml loaded successfully]
[2024-12-24 16:03:34,588: INFO: common: yaml file: schema.yaml loaded successfully]
[2024-12-24 16:03:34,588: INFO: common: created directory at: artifacts]
[2024-12-24 16:03:34,588: INFO: common: created directory at: artifacts/data_transformation]
[2024-12-24 16:03:34,602: INFO: data_transformation: Splited data into training and test sets]
[2024-12-24 16:03:34,602: INFO: data_transformation: (1199, 12)]
[2024-12-24 16:03:34,602: INFO: data_transformation: (400, 12)]
[2024-12-24 16:03:34,604: INFO: main: >>>>>> stage Data Transformation stage completed <<<<<<

x==========x]
[2024-12-24 16:03:34,604: INFO: main: >>>>>> stage Model Trainer stage started <<<<<<]
[2024-12-24 16:03:34,605: INFO: common: yaml file: config\config.yaml loaded successfully]
[2024-12-24 16:03:34,606: INFO: common: yaml file: params.yaml loaded successfully]
[2024-12-24 16:03:34,607: INFO: common: yaml file: schema.yaml loaded successfully]
[2024-12-24 16:03:34,607: INFO: common: created directory at: artifacts]
[2024-12-24 16:03:34,608: INFO: common: created directory at: artifacts/model_trainer]
[2024-12-24 16:03:34,632: INFO: main: >>>>>> stage Model Trainer stage completed <<<<<<

x==========x]
[2024-12-24 16:03:34,633: INFO: main: >>>>>> stage Model evaluation stage started <<<<<<]
[2024-12-24 16:03:34,635: INFO: common: yaml file: config\config.yaml loaded successfully]
[2024-12-24 16:03:34,636: INFO: common: yaml file: params.yaml loaded successfully]
[2024-12-24 16:03:34,637: INFO: common: yaml file: schema.yaml loaded successfully]
[2024-12-24 16:03:34,638: INFO: common: created directory at: artifacts]
[2024-12-24 16:03:34,638: INFO: common: created directory at: artifacts/model_evaluation]
[2024-12-24 16:03:35,498: ERROR: main: API request to endpoint /api/2.0/mlflow/runs/create failed with error code 401 != 200. Response body: '=============== ATTENTION! ===============

To use authentication, you must first: 
    Get your default access token from: https://dagshub.com/user/settings/tokens
    OR 
    Set a password: https://dagshub.com/user/settings/password 
==========================================']
Traceback (most recent call last):
  File "D:\workflow\mlops\a course\21-datascienceproject\mine\end-to-end-wine-quality-project-aws-deployment\main.py", line 55, in <module>
    data_ingestion.initiate_model_evaluation()
  File "D:\workflow\mlops\a course\21-datascienceproject\mine\end-to-end-wine-quality-project-aws-deployment\src\datascience\pipeline\model_evaluation_pipeline.py", line 15, in initiate_model_evaluation
    model_evaluation.log_into_mlflow()
  File "D:\workflow\mlops\a course\21-datascienceproject\mine\end-to-end-wine-quality-project-aws-deployment\src\datascience\components\model_evaluation.py", line 42, in log_into_mlflow
    with mlflow.start_run():
         ^^^^^^^^^^^^^^^^^^
  File "D:\workflow\mlops\a course\21-datascienceproject\mine\end-to-end-wine-quality-project-aws-deployment\venv\Lib\site-packages\mlflow\tracking\fluent.py", line 446, in start_run
    active_run_obj = client.create_run(
                     ^^^^^^^^^^^^^^^^^^
  File "D:\workflow\mlops\a course\21-datascienceproject\mine\end-to-end-wine-quality-project-aws-deployment\venv\Lib\site-packages\mlflow\tracking\client.py", line 393, in create_run
    return self._tracking_client.create_run(experiment_id, start_time, tags, run_name)
           ^^^^^^^^^^^^^^^^^^^^^^^^^^^^^^^^^^^^^^^^^^^^^^^^^^^^^^^^^^^^^^^^^^^^^^^^^^^
  File "D:\workflow\mlops\a course\21-datascienceproject\mine\end-to-end-wine-quality-project-aws-deployment\venv\Lib\site-packages\mlflow\tracking\_tracking_service\client.py", line 169, in create_run
    return self.store.create_run(
           ^^^^^^^^^^^^^^^^^^^^^^
  File "D:\workflow\mlops\a course\21-datascienceproject\mine\end-to-end-wine-quality-project-aws-deployment\venv\Lib\site-packages\mlflow\store\tracking\rest_store.py", line 212, in create_run
    response_proto = self._call_endpoint(CreateRun, req_body)
                     ^^^^^^^^^^^^^^^^^^^^^^^^^^^^^^^^^^^^^^^^
  File "D:\workflow\mlops\a course\21-datascienceproject\mine\end-to-end-wine-quality-project-aws-deployment\venv\Lib\site-packages\mlflow\store\tracking\rest_store.py", line 82, in _call_endpoint
    return call_endpoint(self.get_host_creds(), endpoint, method, json_body, response_proto)
           ^^^^^^^^^^^^^^^^^^^^^^^^^^^^^^^^^^^^^^^^^^^^^^^^^^^^^^^^^^^^^^^^^^^^^^^^^^^^^^^^^
  File "D:\workflow\mlops\a course\21-datascienceproject\mine\end-to-end-wine-quality-project-aws-deployment\venv\Lib\site-packages\mlflow\utils\rest_utils.py", line 370, in call_endpoint
    response = verify_rest_response(response, endpoint)
               ^^^^^^^^^^^^^^^^^^^^^^^^^^^^^^^^^^^^^^^^
  File "D:\workflow\mlops\a course\21-datascienceproject\mine\end-to-end-wine-quality-project-aws-deployment\venv\Lib\site-packages\mlflow\utils\rest_utils.py", line 246, in verify_rest_response
    raise MlflowException(
mlflow.exceptions.MlflowException: API request to endpoint /api/2.0/mlflow/runs/create failed with error code 401 != 200. Response body: '=============== ATTENTION! ===============

To use authentication, you must first: 
    Get your default access token from: https://dagshub.com/user/settings/tokens
    OR 
    Set a password: https://dagshub.com/user/settings/password 
=========================================='
[2024-12-24 16:08:57,202: INFO: main: >>>>>> stage Data Ingestion stage started <<<<<<]
[2024-12-24 16:08:57,206: INFO: common: yaml file: config\config.yaml loaded successfully]
[2024-12-24 16:08:57,207: INFO: common: yaml file: params.yaml loaded successfully]
[2024-12-24 16:08:57,208: INFO: common: yaml file: schema.yaml loaded successfully]
[2024-12-24 16:08:57,209: INFO: common: created directory at: artifacts]
[2024-12-24 16:08:57,209: INFO: common: created directory at: artifacts/data_ingestion]
[2024-12-24 16:08:57,209: INFO: data_ingestion: File already exists]
[2024-12-24 16:08:57,211: INFO: main: >>>>>> stage Data Ingestion stage completed <<<<<<

x==========x]
[2024-12-24 16:08:57,211: INFO: main: >>>>>> stage Data Validation stage started <<<<<<]
[2024-12-24 16:08:57,214: INFO: common: yaml file: config\config.yaml loaded successfully]
[2024-12-24 16:08:57,214: INFO: common: yaml file: params.yaml loaded successfully]
[2024-12-24 16:08:57,215: INFO: common: yaml file: schema.yaml loaded successfully]
[2024-12-24 16:08:57,216: INFO: common: created directory at: artifacts]
[2024-12-24 16:08:57,216: INFO: common: created directory at: artifacts/data_validation]
[2024-12-24 16:08:57,228: INFO: main: >>>>>> stage Data Validation stage completed <<<<<<

x==========x]
[2024-12-24 16:08:57,230: INFO: main: >>>>>> stage Data Transformation stage started <<<<<<]
[2024-12-24 16:08:57,232: INFO: common: yaml file: config\config.yaml loaded successfully]
[2024-12-24 16:08:57,233: INFO: common: yaml file: params.yaml loaded successfully]
[2024-12-24 16:08:57,234: INFO: common: yaml file: schema.yaml loaded successfully]
[2024-12-24 16:08:57,234: INFO: common: created directory at: artifacts]
[2024-12-24 16:08:57,234: INFO: common: created directory at: artifacts/data_transformation]
[2024-12-24 16:08:57,248: INFO: data_transformation: Splited data into training and test sets]
[2024-12-24 16:08:57,248: INFO: data_transformation: (1199, 12)]
[2024-12-24 16:08:57,249: INFO: data_transformation: (400, 12)]
[2024-12-24 16:08:57,249: INFO: main: >>>>>> stage Data Transformation stage completed <<<<<<

x==========x]
[2024-12-24 16:08:57,249: INFO: main: >>>>>> stage Model Trainer stage started <<<<<<]
[2024-12-24 16:08:57,251: INFO: common: yaml file: config\config.yaml loaded successfully]
[2024-12-24 16:08:57,252: INFO: common: yaml file: params.yaml loaded successfully]
[2024-12-24 16:08:57,253: INFO: common: yaml file: schema.yaml loaded successfully]
[2024-12-24 16:08:57,253: INFO: common: created directory at: artifacts]
[2024-12-24 16:08:57,254: INFO: common: created directory at: artifacts/model_trainer]
[2024-12-24 16:08:57,275: INFO: main: >>>>>> stage Model Trainer stage completed <<<<<<

x==========x]
[2024-12-24 16:08:57,275: INFO: main: >>>>>> stage Model evaluation stage started <<<<<<]
[2024-12-24 16:08:57,277: INFO: common: yaml file: config\config.yaml loaded successfully]
[2024-12-24 16:08:57,278: INFO: common: yaml file: params.yaml loaded successfully]
[2024-12-24 16:08:57,279: INFO: common: yaml file: schema.yaml loaded successfully]
[2024-12-24 16:08:57,279: INFO: common: created directory at: artifacts]
[2024-12-24 16:08:57,279: INFO: common: created directory at: artifacts/model_evaluation]
[2024-12-24 16:08:58,168: INFO: common: json file saved at: artifacts\model_evaluation\metrics.json]
[2024-12-24 16:09:08,829: INFO: main: >>>>>> stage Model evaluation stage completed <<<<<<

x==========x]
